# JRE version: Java(TM) SE Runtime Environment (8.0_131-b11) (build 1.8.0_131-b11)
# Java VM: Java HotSpot(TM) 64-Bit Server VM (25.131-b11 mixed mode windows-amd64 compressed oops)
Heap:
 PSYoungGen      total 427008K, used 327048K [0x00000000e0000000, 0x0000000100000000, 0x0000000100000000)
  eden space 342016K, 80% used [0x00000000e0000000,0x00000000f0d1c4d0,0x00000000f4e00000)
  from space 84992K, 60% used [0x00000000fa480000,0x00000000fd6c5cf0,0x00000000ff780000)
  to   space 88576K, 0% used [0x00000000f4e00000,0x00000000f4e00000,0x00000000fa480000)
 ParOldGen       total 529920K, used 424287K [0x00000000a0000000, 0x00000000c0580000, 0x00000000e0000000)
  object space 529920K, 80% used [0x00000000a0000000,0x00000000b9e57d18,0x00000000c0580000)
 Metaspace       used 101524K, capacity 105468K, committed 105816K, reserved 1140736K
  class space    used 13065K, capacity 13910K, committed 13952K, reserved 1048576K
GC Heap History (10 events):
Event: 1049.094 GC heap before
{Heap before GC invocations=48 (full 4):
 PSYoungGen      total 398848K, used 317421K [0x00000000e0000000, 0x00000000ff100000, 0x0000000100000000)
  eden space 287744K, 99% used [0x00000000e0000000,0x00000000f18dea08,0x00000000f1900000)
  from space 111104K, 26% used [0x00000000f1900000,0x00000000f361cbe8,0x00000000f8580000)
  to   space 103424K, 0% used [0x00000000f8c00000,0x00000000f8c00000,0x00000000ff100000)
 ParOldGen       total 529920K, used 393591K [0x00000000a0000000, 0x00000000c0580000, 0x00000000e0000000)
  object space 529920K, 74% used [0x00000000a0000000,0x00000000b805df38,0x00000000c0580000)
 Metaspace       used 94763K, capacity 98472K, committed 98648K, reserved 1134592K
  class space    used 12299K, capacity 13106K, committed 13184K, reserved 1048576K
Event: 1049.112 GC heap after
Heap after GC invocations=48 (full 4):
 PSYoungGen      total 406016K, used 28039K [0x00000000e0000000, 0x00000000fea80000, 0x0000000100000000)
  eden space 309248K, 0% used [0x00000000e0000000,0x00000000e0000000,0x00000000f2e00000)
  from space 96768K, 28% used [0x00000000f8c00000,0x00000000fa761d80,0x00000000fea80000)
  to   space 96256K, 0% used [0x00000000f2e00000,0x00000000f2e00000,0x00000000f8c00000)
 ParOldGen       total 529920K, used 393599K [0x00000000a0000000, 0x00000000c0580000, 0x00000000e0000000)
  object space 529920K, 74% used [0x00000000a0000000,0x00000000b805ff38,0x00000000c0580000)
 Metaspace       used 94763K, capacity 98472K, committed 98648K, reserved 1134592K
  class space    used 12299K, capacity 13106K, committed 13184K, reserved 1048576K
}
Event: 1049.361 GC heap before
{Heap before GC invocations=49 (full 4):
 PSYoungGen      total 406016K, used 337287K [0x00000000e0000000, 0x00000000fea80000, 0x0000000100000000)
  eden space 309248K, 100% used [0x00000000e0000000,0x00000000f2e00000,0x00000000f2e00000)
  from space 96768K, 28% used [0x00000000f8c00000,0x00000000fa761d80,0x00000000fea80000)
  to   space 96256K, 0% used [0x00000000f2e00000,0x00000000f2e00000,0x00000000f8c00000)
 ParOldGen       total 529920K, used 393599K [0x00000000a0000000, 0x00000000c0580000, 0x00000000e0000000)
  object space 529920K, 74% used [0x00000000a0000000,0x00000000b805ff38,0x00000000c0580000)
 Metaspace       used 94791K, capacity 98536K, committed 98648K, reserved 1134592K
  class space    used 12299K, capacity 13106K, committed 13184K, reserved 1048576K
Event: 1049.377 GC heap after
Heap after GC invocations=49 (full 4):
 PSYoungGen      total 405504K, used 31056K [0x00000000e0000000, 0x00000000ff380000, 0x0000000100000000)
  eden space 309248K, 0% used [0x00000000e0000000,0x00000000e0000000,0x00000000f2e00000)
  from space 96256K, 32% used [0x00000000f2e00000,0x00000000f4c54148,0x00000000f8c00000)
  to   space 90112K, 0% used [0x00000000f9b80000,0x00000000f9b80000,0x00000000ff380000)
 ParOldGen       total 529920K, used 393607K [0x00000000a0000000, 0x00000000c0580000, 0x00000000e0000000)
  object space 529920K, 74% used [0x00000000a0000000,0x00000000b8061f38,0x00000000c0580000)
 Metaspace       used 94791K, capacity 98536K, committed 98648K, reserved 1134592K
  class space    used 12299K, capacity 13106K, committed 13184K, reserved 1048576K
}
Event: 1049.950 GC heap before
{Heap before GC invocations=50 (full 4):
 PSYoungGen      total 405504K, used 340304K [0x00000000e0000000, 0x00000000ff380000, 0x0000000100000000)
  eden space 309248K, 100% used [0x00000000e0000000,0x00000000f2e00000,0x00000000f2e00000)
  from space 96256K, 32% used [0x00000000f2e00000,0x00000000f4c54148,0x00000000f8c00000)
  to   space 90112K, 0% used [0x00000000f9b80000,0x00000000f9b80000,0x00000000ff380000)
 ParOldGen       total 529920K, used 393607K [0x00000000a0000000, 0x00000000c0580000, 0x00000000e0000000)
  object space 529920K, 74% used [0x00000000a0000000,0x00000000b8061f38,0x00000000c0580000)
 Metaspace       used 95070K, capacity 98822K, committed 98904K, reserved 1134592K
  class space    used 12337K, capacity 13149K, committed 13184K, reserved 1048576K
Event: 1049.972 GC heap after
Heap after GC invocations=50 (full 4):
 PSYoungGen      total 422912K, used 3800K [0x00000000e0000000, 0x00000000ff700000, 0x0000000100000000)
  eden space 332800K, 0% used [0x00000000e0000000,0x00000000e0000000,0x00000000f4500000)
  from space 90112K, 4% used [0x00000000f9b80000,0x00000000f9f362d0,0x00000000ff380000)
  to   space 88576K, 0% used [0x00000000f4500000,0x00000000f4500000,0x00000000f9b80000)
 ParOldGen       total 529920K, used 412837K [0x00000000a0000000, 0x00000000c0580000, 0x00000000e0000000)
  object space 529920K, 77% used [0x00000000a0000000,0x00000000b9329500,0x00000000c0580000)
 Metaspace       used 95070K, capacity 98822K, committed 98904K, reserved 1134592K
  class space    used 12337K, capacity 13149K, committed 13184K, reserved 1048576K
}
Event: 1057.510 GC heap before
{Heap before GC invocations=51 (full 4):
 PSYoungGen      total 422912K, used 336600K [0x00000000e0000000, 0x00000000ff700000, 0x0000000100000000)
  eden space 332800K, 100% used [0x00000000e0000000,0x00000000f4500000,0x00000000f4500000)
  from space 90112K, 4% used [0x00000000f9b80000,0x00000000f9f362d0,0x00000000ff380000)
  to   space 88576K, 0% used [0x00000000f4500000,0x00000000f4500000,0x00000000f9b80000)
 ParOldGen       total 529920K, used 412837K [0x00000000a0000000, 0x00000000c0580000, 0x00000000e0000000)
  object space 529920K, 77% used [0x00000000a0000000,0x00000000b9329500,0x00000000c0580000)
 Metaspace       used 97070K, capacity 100942K, committed 101208K, reserved 1136640K
  class space    used 12592K, capacity 13421K, committed 13440K, reserved 1048576K
Event: 1057.520 GC heap after
Heap after GC invocations=51 (full 4):
 PSYoungGen      total 421376K, used 11519K [0x00000000e0000000, 0x00000000ff780000, 0x0000000100000000)
  eden space 332800K, 0% used [0x00000000e0000000,0x00000000e0000000,0x00000000f4500000)
  from space 88576K, 13% used [0x00000000f4500000,0x00000000f503fff0,0x00000000f9b80000)
  to   space 84992K, 0% used [0x00000000fa480000,0x00000000fa480000,0x00000000ff780000)
 ParOldGen       total 529920K, used 414585K [0x00000000a0000000, 0x00000000c0580000, 0x00000000e0000000)
  object space 529920K, 78% used [0x00000000a0000000,0x00000000b94de590,0x00000000c0580000)
 Metaspace       used 97070K, capacity 100942K, committed 101208K, reserved 1136640K
  class space    used 12592K, capacity 13421K, committed 13440K, reserved 1048576K
}
Event: 1058.677 GC heap before
{Heap before GC invocations=52 (full 4):
 PSYoungGen      total 421376K, used 344319K [0x00000000e0000000, 0x00000000ff780000, 0x0000000100000000)
  eden space 332800K, 100% used [0x00000000e0000000,0x00000000f4500000,0x00000000f4500000)
  from space 88576K, 13% used [0x00000000f4500000,0x00000000f503fff0,0x00000000f9b80000)
  to   space 84992K, 0% used [0x00000000fa480000,0x00000000fa480000,0x00000000ff780000)
 ParOldGen       total 529920K, used 414585K [0x00000000a0000000, 0x00000000c0580000, 0x00000000e0000000)
  object space 529920K, 78% used [0x00000000a0000000,0x00000000b94de590,0x00000000c0580000)
 Metaspace       used 97282K, capacity 101134K, committed 101208K, reserved 1136640K
  class space    used 12595K, capacity 13421K, committed 13440K, reserved 1048576K
Event: 1058.708 GC heap after
Heap after GC invocations=52 (full 4):
 PSYoungGen      total 427008K, used 51479K [0x00000000e0000000, 0x0000000100000000, 0x0000000100000000)
  eden space 342016K, 0% used [0x00000000e0000000,0x00000000e0000000,0x00000000f4e00000)
  from space 84992K, 60% used [0x00000000fa480000,0x00000000fd6c5cf0,0x00000000ff780000)
  to   space 88576K, 0% used [0x00000000f4e00000,0x00000000f4e00000,0x00000000fa480000)
 ParOldGen       total 529920K, used 424287K [0x00000000a0000000, 0x00000000c0580000, 0x00000000e0000000)
  object space 529920K, 80% used [0x00000000a0000000,0x00000000b9e57d18,0x00000000c0580000)
 Metaspace       used 97282K, capacity 101134K, committed 101208K, reserved 1136640K
  class space    used 12595K, capacity 13421K, committed 13440K, reserved 1048576K
}

